2018-06-16 12:41:17,717 - Log4JLogChute initialized using file 'velocity.log'
2018-06-16 12:41:17,726 - Initializing Velocity, Calling init()...
2018-06-16 12:41:17,726 - Starting Apache Velocity v1.7 (compiled: 2010-11-19 12:14:37)
2018-06-16 12:41:17,726 - Default Properties File: org\apache\velocity\runtime\defaults\velocity.properties
2018-06-16 12:41:17,726 - Trying to use logger class org.apache.velocity.runtime.log.AvalonLogChute
2018-06-16 12:41:17,726 - Target log system for org.apache.velocity.runtime.log.AvalonLogChute is not available (java.lang.NoClassDefFoundError: org/apache/log/format/Formatter).  Falling back to next log system...
2018-06-16 12:41:17,726 - Trying to use logger class org.apache.velocity.runtime.log.Log4JLogChute
2018-06-16 12:41:17,727 - Using logger class org.apache.velocity.runtime.log.Log4JLogChute
2018-06-16 12:41:17,741 - ResourceLoader instantiated: org.apache.velocity.runtime.resource.loader.ClasspathResourceLoader
2018-06-16 12:41:17,822 - ResourceCache: initialized (class org.apache.velocity.runtime.resource.ResourceCacheImpl) with class java.util.Collections$SynchronizedMap cache map.
2018-06-16 12:41:17,826 - Loaded System Directive: org.apache.velocity.runtime.directive.Stop
2018-06-16 12:41:17,829 - Loaded System Directive: org.apache.velocity.runtime.directive.Define
2018-06-16 12:41:17,830 - Loaded System Directive: org.apache.velocity.runtime.directive.Break
2018-06-16 12:41:17,835 - Loaded System Directive: org.apache.velocity.runtime.directive.Evaluate
2018-06-16 12:41:17,860 - Loaded System Directive: org.apache.velocity.runtime.directive.Literal
2018-06-16 12:41:17,863 - Loaded System Directive: org.apache.velocity.runtime.directive.Macro
2018-06-16 12:41:17,867 - Loaded System Directive: org.apache.velocity.runtime.directive.Parse
2018-06-16 12:41:17,878 - Loaded System Directive: org.apache.velocity.runtime.directive.Include
2018-06-16 12:41:17,880 - Loaded System Directive: org.apache.velocity.runtime.directive.Foreach
2018-06-16 12:41:17,999 - Created '20' parsers.
2018-06-16 12:41:18,037 - Velocimacro : "velocimacro.library" is not set.  Trying default library: VM_global_library.vm
2018-06-16 12:41:18,042 - Could not load resource 'VM_global_library.vm' from ResourceLoader org.apache.velocity.runtime.resource.loader.ClasspathResourceLoader: ClasspathResourceLoader Error: cannot find resource VM_global_library.vm
2018-06-16 12:41:18,043 - Velocimacro : Default library not found.
2018-06-16 12:41:18,043 - Velocimacro : allowInline = true : VMs can be defined inline in templates
2018-06-16 12:41:18,043 - Velocimacro : allowInlineToOverride = false : VMs defined inline may NOT replace previous VM definitions
2018-06-16 12:41:18,043 - Velocimacro : allowInlineLocal = false : VMs defined inline will be global in scope if allowed.
2018-06-16 12:41:18,043 - Velocimacro : autoload off : VM system will not automatically reload global library macros
2018-06-16 12:41:18,132 - ResourceManager : found /templates/entity.java.vm with loader org.apache.velocity.runtime.resource.loader.ClasspathResourceLoader
2018-06-16 12:41:18,158 - Left side (${versionFieldName}) of '==' operation has null value. If it is a reference, it may not be in the context or its toString() returned null. /templates/entity.java.vm[line 76, column 26]
2018-06-16 12:41:18,158 - Left side (${logicDeleteFieldName}) of '==' operation has null value. If it is a reference, it may not be in the context or its toString() returned null. /templates/entity.java.vm[line 80, column 30]
2018-06-16 12:41:18,159 - Left side (${versionFieldName}) of '==' operation has null value. If it is a reference, it may not be in the context or its toString() returned null. /templates/entity.java.vm[line 76, column 26]
2018-06-16 12:41:18,159 - Left side (${logicDeleteFieldName}) of '==' operation has null value. If it is a reference, it may not be in the context or its toString() returned null. /templates/entity.java.vm[line 80, column 30]
2018-06-16 12:41:18,159 - Left side (${versionFieldName}) of '==' operation has null value. If it is a reference, it may not be in the context or its toString() returned null. /templates/entity.java.vm[line 76, column 26]
2018-06-16 12:41:18,160 - Left side (${logicDeleteFieldName}) of '==' operation has null value. If it is a reference, it may not be in the context or its toString() returned null. /templates/entity.java.vm[line 80, column 30]
2018-06-16 12:41:18,182 - ResourceManager : found /templates/mapper.java.vm with loader org.apache.velocity.runtime.resource.loader.ClasspathResourceLoader
2018-06-16 12:41:18,204 - ResourceManager : found /templates/mapper.xml.vm with loader org.apache.velocity.runtime.resource.loader.ClasspathResourceLoader
2018-06-16 12:41:18,213 - ResourceManager : found /templates/service.java.vm with loader org.apache.velocity.runtime.resource.loader.ClasspathResourceLoader
2018-06-16 12:41:18,227 - ResourceManager : found /templates/serviceImpl.java.vm with loader org.apache.velocity.runtime.resource.loader.ClasspathResourceLoader
2018-06-16 12:41:18,241 - ResourceManager : found /templates/controller.java.vm with loader org.apache.velocity.runtime.resource.loader.ClasspathResourceLoader
2018-06-16 12:43:09,181 - Log4JLogChute initialized using file 'velocity.log'
2018-06-16 12:43:09,181 - Log4JLogChute initialized using file 'velocity.log'
2018-06-16 12:43:09,182 - Initializing Velocity, Calling init()...
2018-06-16 12:43:09,182 - Initializing Velocity, Calling init()...
2018-06-16 12:43:09,182 - Starting Apache Velocity v1.7 (compiled: 2010-11-19 12:14:37)
2018-06-16 12:43:09,182 - Starting Apache Velocity v1.7 (compiled: 2010-11-19 12:14:37)
2018-06-16 12:43:09,182 - Default Properties File: org\apache\velocity\runtime\defaults\velocity.properties
2018-06-16 12:43:09,182 - Default Properties File: org\apache\velocity\runtime\defaults\velocity.properties
2018-06-16 12:43:09,182 - Trying to use logger class org.apache.velocity.runtime.log.AvalonLogChute
2018-06-16 12:43:09,182 - Trying to use logger class org.apache.velocity.runtime.log.AvalonLogChute
2018-06-16 12:43:09,182 - Target log system for org.apache.velocity.runtime.log.AvalonLogChute is not available (java.lang.NoClassDefFoundError: org/apache/log/format/Formatter).  Falling back to next log system...
2018-06-16 12:43:09,182 - Target log system for org.apache.velocity.runtime.log.AvalonLogChute is not available (java.lang.NoClassDefFoundError: org/apache/log/format/Formatter).  Falling back to next log system...
2018-06-16 12:43:09,182 - Trying to use logger class org.apache.velocity.runtime.log.Log4JLogChute
2018-06-16 12:43:09,182 - Trying to use logger class org.apache.velocity.runtime.log.Log4JLogChute
2018-06-16 12:43:09,182 - Using logger class org.apache.velocity.runtime.log.Log4JLogChute
2018-06-16 12:43:09,182 - Using logger class org.apache.velocity.runtime.log.Log4JLogChute
2018-06-16 12:43:09,183 - ResourceLoader instantiated: org.apache.velocity.runtime.resource.loader.ClasspathResourceLoader
2018-06-16 12:43:09,183 - ResourceLoader instantiated: org.apache.velocity.runtime.resource.loader.ClasspathResourceLoader
2018-06-16 12:43:09,183 - ResourceCache: initialized (class org.apache.velocity.runtime.resource.ResourceCacheImpl) with class java.util.Collections$SynchronizedMap cache map.
2018-06-16 12:43:09,183 - ResourceCache: initialized (class org.apache.velocity.runtime.resource.ResourceCacheImpl) with class java.util.Collections$SynchronizedMap cache map.
2018-06-16 12:43:09,184 - Loaded System Directive: org.apache.velocity.runtime.directive.Stop
2018-06-16 12:43:09,184 - Loaded System Directive: org.apache.velocity.runtime.directive.Stop
2018-06-16 12:43:09,184 - Loaded System Directive: org.apache.velocity.runtime.directive.Define
2018-06-16 12:43:09,184 - Loaded System Directive: org.apache.velocity.runtime.directive.Define
2018-06-16 12:43:09,184 - Loaded System Directive: org.apache.velocity.runtime.directive.Break
2018-06-16 12:43:09,184 - Loaded System Directive: org.apache.velocity.runtime.directive.Break
2018-06-16 12:43:09,184 - Loaded System Directive: org.apache.velocity.runtime.directive.Evaluate
2018-06-16 12:43:09,184 - Loaded System Directive: org.apache.velocity.runtime.directive.Evaluate
2018-06-16 12:43:09,184 - Loaded System Directive: org.apache.velocity.runtime.directive.Literal
2018-06-16 12:43:09,184 - Loaded System Directive: org.apache.velocity.runtime.directive.Literal
2018-06-16 12:43:09,184 - Loaded System Directive: org.apache.velocity.runtime.directive.Macro
2018-06-16 12:43:09,184 - Loaded System Directive: org.apache.velocity.runtime.directive.Macro
2018-06-16 12:43:09,185 - Loaded System Directive: org.apache.velocity.runtime.directive.Parse
2018-06-16 12:43:09,185 - Loaded System Directive: org.apache.velocity.runtime.directive.Parse
2018-06-16 12:43:09,185 - Loaded System Directive: org.apache.velocity.runtime.directive.Include
2018-06-16 12:43:09,185 - Loaded System Directive: org.apache.velocity.runtime.directive.Include
2018-06-16 12:43:09,185 - Loaded System Directive: org.apache.velocity.runtime.directive.Foreach
2018-06-16 12:43:09,185 - Loaded System Directive: org.apache.velocity.runtime.directive.Foreach
2018-06-16 12:43:09,189 - Created '20' parsers.
2018-06-16 12:43:09,189 - Created '20' parsers.
2018-06-16 12:43:09,189 - Velocimacro : "velocimacro.library" is not set.  Trying default library: VM_global_library.vm
2018-06-16 12:43:09,189 - Velocimacro : "velocimacro.library" is not set.  Trying default library: VM_global_library.vm
2018-06-16 12:43:09,192 - Could not load resource 'VM_global_library.vm' from ResourceLoader org.apache.velocity.runtime.resource.loader.ClasspathResourceLoader: ClasspathResourceLoader Error: cannot find resource VM_global_library.vm
2018-06-16 12:43:09,192 - Could not load resource 'VM_global_library.vm' from ResourceLoader org.apache.velocity.runtime.resource.loader.ClasspathResourceLoader: ClasspathResourceLoader Error: cannot find resource VM_global_library.vm
2018-06-16 12:43:09,193 - Velocimacro : Default library not found.
2018-06-16 12:43:09,193 - Velocimacro : Default library not found.
2018-06-16 12:43:09,193 - Velocimacro : allowInline = true : VMs can be defined inline in templates
2018-06-16 12:43:09,193 - Velocimacro : allowInline = true : VMs can be defined inline in templates
2018-06-16 12:43:09,193 - Velocimacro : allowInlineToOverride = false : VMs defined inline may NOT replace previous VM definitions
2018-06-16 12:43:09,193 - Velocimacro : allowInlineToOverride = false : VMs defined inline may NOT replace previous VM definitions
2018-06-16 12:43:09,193 - Velocimacro : allowInlineLocal = false : VMs defined inline will be global in scope if allowed.
2018-06-16 12:43:09,193 - Velocimacro : allowInlineLocal = false : VMs defined inline will be global in scope if allowed.
2018-06-16 12:43:09,193 - Velocimacro : autoload off : VM system will not automatically reload global library macros
2018-06-16 12:43:09,193 - Velocimacro : autoload off : VM system will not automatically reload global library macros
2018-06-16 12:43:09,205 - ResourceManager : found /templates/entity.java.vm with loader org.apache.velocity.runtime.resource.loader.ClasspathResourceLoader
2018-06-16 12:43:09,205 - ResourceManager : found /templates/entity.java.vm with loader org.apache.velocity.runtime.resource.loader.ClasspathResourceLoader
2018-06-16 12:43:09,221 - Left side (${versionFieldName}) of '==' operation has null value. If it is a reference, it may not be in the context or its toString() returned null. /templates/entity.java.vm[line 76, column 26]
2018-06-16 12:43:09,221 - Left side (${versionFieldName}) of '==' operation has null value. If it is a reference, it may not be in the context or its toString() returned null. /templates/entity.java.vm[line 76, column 26]
2018-06-16 12:43:09,221 - Left side (${logicDeleteFieldName}) of '==' operation has null value. If it is a reference, it may not be in the context or its toString() returned null. /templates/entity.java.vm[line 80, column 30]
2018-06-16 12:43:09,221 - Left side (${logicDeleteFieldName}) of '==' operation has null value. If it is a reference, it may not be in the context or its toString() returned null. /templates/entity.java.vm[line 80, column 30]
2018-06-16 12:43:09,222 - Left side (${versionFieldName}) of '==' operation has null value. If it is a reference, it may not be in the context or its toString() returned null. /templates/entity.java.vm[line 76, column 26]
2018-06-16 12:43:09,222 - Left side (${versionFieldName}) of '==' operation has null value. If it is a reference, it may not be in the context or its toString() returned null. /templates/entity.java.vm[line 76, column 26]
2018-06-16 12:43:09,222 - Left side (${logicDeleteFieldName}) of '==' operation has null value. If it is a reference, it may not be in the context or its toString() returned null. /templates/entity.java.vm[line 80, column 30]
2018-06-16 12:43:09,222 - Left side (${logicDeleteFieldName}) of '==' operation has null value. If it is a reference, it may not be in the context or its toString() returned null. /templates/entity.java.vm[line 80, column 30]
2018-06-16 12:43:09,223 - Left side (${versionFieldName}) of '==' operation has null value. If it is a reference, it may not be in the context or its toString() returned null. /templates/entity.java.vm[line 76, column 26]
2018-06-16 12:43:09,223 - Left side (${versionFieldName}) of '==' operation has null value. If it is a reference, it may not be in the context or its toString() returned null. /templates/entity.java.vm[line 76, column 26]
2018-06-16 12:43:09,223 - Left side (${logicDeleteFieldName}) of '==' operation has null value. If it is a reference, it may not be in the context or its toString() returned null. /templates/entity.java.vm[line 80, column 30]
2018-06-16 12:43:09,223 - Left side (${logicDeleteFieldName}) of '==' operation has null value. If it is a reference, it may not be in the context or its toString() returned null. /templates/entity.java.vm[line 80, column 30]
2018-06-16 12:43:09,223 - Left side (${versionFieldName}) of '==' operation has null value. If it is a reference, it may not be in the context or its toString() returned null. /templates/entity.java.vm[line 76, column 26]
2018-06-16 12:43:09,223 - Left side (${versionFieldName}) of '==' operation has null value. If it is a reference, it may not be in the context or its toString() returned null. /templates/entity.java.vm[line 76, column 26]
2018-06-16 12:43:09,223 - Left side (${logicDeleteFieldName}) of '==' operation has null value. If it is a reference, it may not be in the context or its toString() returned null. /templates/entity.java.vm[line 80, column 30]
2018-06-16 12:43:09,223 - Left side (${logicDeleteFieldName}) of '==' operation has null value. If it is a reference, it may not be in the context or its toString() returned null. /templates/entity.java.vm[line 80, column 30]
2018-06-16 12:43:09,224 - Left side (${versionFieldName}) of '==' operation has null value. If it is a reference, it may not be in the context or its toString() returned null. /templates/entity.java.vm[line 76, column 26]
2018-06-16 12:43:09,224 - Left side (${versionFieldName}) of '==' operation has null value. If it is a reference, it may not be in the context or its toString() returned null. /templates/entity.java.vm[line 76, column 26]
2018-06-16 12:43:09,224 - Left side (${logicDeleteFieldName}) of '==' operation has null value. If it is a reference, it may not be in the context or its toString() returned null. /templates/entity.java.vm[line 80, column 30]
2018-06-16 12:43:09,224 - Left side (${logicDeleteFieldName}) of '==' operation has null value. If it is a reference, it may not be in the context or its toString() returned null. /templates/entity.java.vm[line 80, column 30]
2018-06-16 12:43:09,231 - ResourceManager : found /templates/mapper.java.vm with loader org.apache.velocity.runtime.resource.loader.ClasspathResourceLoader
2018-06-16 12:43:09,231 - ResourceManager : found /templates/mapper.java.vm with loader org.apache.velocity.runtime.resource.loader.ClasspathResourceLoader
2018-06-16 12:43:09,238 - ResourceManager : found /templates/mapper.xml.vm with loader org.apache.velocity.runtime.resource.loader.ClasspathResourceLoader
2018-06-16 12:43:09,238 - ResourceManager : found /templates/mapper.xml.vm with loader org.apache.velocity.runtime.resource.loader.ClasspathResourceLoader
2018-06-16 12:43:09,242 - ResourceManager : found /templates/service.java.vm with loader org.apache.velocity.runtime.resource.loader.ClasspathResourceLoader
2018-06-16 12:43:09,242 - ResourceManager : found /templates/service.java.vm with loader org.apache.velocity.runtime.resource.loader.ClasspathResourceLoader
2018-06-16 12:43:09,246 - ResourceManager : found /templates/serviceImpl.java.vm with loader org.apache.velocity.runtime.resource.loader.ClasspathResourceLoader
2018-06-16 12:43:09,246 - ResourceManager : found /templates/serviceImpl.java.vm with loader org.apache.velocity.runtime.resource.loader.ClasspathResourceLoader
2018-06-16 12:43:09,257 - ResourceManager : found /templates/controller.java.vm with loader org.apache.velocity.runtime.resource.loader.ClasspathResourceLoader
2018-06-16 12:43:09,257 - ResourceManager : found /templates/controller.java.vm with loader org.apache.velocity.runtime.resource.loader.ClasspathResourceLoader
2018-07-20 18:24:13,764 - Log4JLogChute initialized using file 'velocity.log'
2018-07-20 18:24:13,769 - Initializing Velocity, Calling init()...
2018-07-20 18:24:13,770 - Starting Apache Velocity v1.7 (compiled: 2010-11-19 12:14:37)
2018-07-20 18:24:13,770 - Default Properties File: org\apache\velocity\runtime\defaults\velocity.properties
2018-07-20 18:24:13,770 - Trying to use logger class org.apache.velocity.runtime.log.AvalonLogChute
2018-07-20 18:24:13,770 - Target log system for org.apache.velocity.runtime.log.AvalonLogChute is not available (java.lang.NoClassDefFoundError: org/apache/log/format/Formatter).  Falling back to next log system...
2018-07-20 18:24:13,770 - Trying to use logger class org.apache.velocity.runtime.log.Log4JLogChute
2018-07-20 18:24:13,770 - Using logger class org.apache.velocity.runtime.log.Log4JLogChute
2018-07-20 18:24:13,788 - ResourceLoader instantiated: org.apache.velocity.runtime.resource.loader.ClasspathResourceLoader
2018-07-20 18:24:13,819 - ResourceCache: initialized (class org.apache.velocity.runtime.resource.ResourceCacheImpl) with class java.util.Collections$SynchronizedMap cache map.
2018-07-20 18:24:13,822 - Loaded System Directive: org.apache.velocity.runtime.directive.Stop
2018-07-20 18:24:13,824 - Loaded System Directive: org.apache.velocity.runtime.directive.Define
2018-07-20 18:24:13,825 - Loaded System Directive: org.apache.velocity.runtime.directive.Break
2018-07-20 18:24:13,827 - Loaded System Directive: org.apache.velocity.runtime.directive.Evaluate
2018-07-20 18:24:13,828 - Loaded System Directive: org.apache.velocity.runtime.directive.Literal
2018-07-20 18:24:13,831 - Loaded System Directive: org.apache.velocity.runtime.directive.Macro
2018-07-20 18:24:13,835 - Loaded System Directive: org.apache.velocity.runtime.directive.Parse
2018-07-20 18:24:13,838 - Loaded System Directive: org.apache.velocity.runtime.directive.Include
2018-07-20 18:24:13,841 - Loaded System Directive: org.apache.velocity.runtime.directive.Foreach
2018-07-20 18:24:13,899 - Created '20' parsers.
2018-07-20 18:24:13,909 - Velocimacro : "velocimacro.library" is not set.  Trying default library: VM_global_library.vm
2018-07-20 18:24:13,911 - Could not load resource 'VM_global_library.vm' from ResourceLoader org.apache.velocity.runtime.resource.loader.ClasspathResourceLoader: ClasspathResourceLoader Error: cannot find resource VM_global_library.vm
2018-07-20 18:24:13,911 - Velocimacro : Default library not found.
2018-07-20 18:24:13,911 - Velocimacro : allowInline = true : VMs can be defined inline in templates
2018-07-20 18:24:13,911 - Velocimacro : allowInlineToOverride = false : VMs defined inline may NOT replace previous VM definitions
2018-07-20 18:24:13,911 - Velocimacro : allowInlineLocal = false : VMs defined inline will be global in scope if allowed.
2018-07-20 18:24:13,911 - Velocimacro : autoload off : VM system will not automatically reload global library macros
2018-07-20 18:24:13,952 - ResourceManager : found /templates/entity.java.vm with loader org.apache.velocity.runtime.resource.loader.ClasspathResourceLoader
2018-07-20 18:24:13,967 - Left side (${versionFieldName}) of '==' operation has null value. If it is a reference, it may not be in the context or its toString() returned null. /templates/entity.java.vm[line 76, column 26]
2018-07-20 18:24:13,967 - Left side (${logicDeleteFieldName}) of '==' operation has null value. If it is a reference, it may not be in the context or its toString() returned null. /templates/entity.java.vm[line 80, column 30]
2018-07-20 18:24:13,968 - Left side (${versionFieldName}) of '==' operation has null value. If it is a reference, it may not be in the context or its toString() returned null. /templates/entity.java.vm[line 76, column 26]
2018-07-20 18:24:13,968 - Left side (${logicDeleteFieldName}) of '==' operation has null value. If it is a reference, it may not be in the context or its toString() returned null. /templates/entity.java.vm[line 80, column 30]
2018-07-20 18:24:13,968 - Left side (${versionFieldName}) of '==' operation has null value. If it is a reference, it may not be in the context or its toString() returned null. /templates/entity.java.vm[line 76, column 26]
2018-07-20 18:24:13,968 - Left side (${logicDeleteFieldName}) of '==' operation has null value. If it is a reference, it may not be in the context or its toString() returned null. /templates/entity.java.vm[line 80, column 30]
2018-07-20 18:24:13,968 - Left side (${versionFieldName}) of '==' operation has null value. If it is a reference, it may not be in the context or its toString() returned null. /templates/entity.java.vm[line 76, column 26]
2018-07-20 18:24:13,968 - Left side (${logicDeleteFieldName}) of '==' operation has null value. If it is a reference, it may not be in the context or its toString() returned null. /templates/entity.java.vm[line 80, column 30]
2018-07-20 18:24:13,968 - Left side (${versionFieldName}) of '==' operation has null value. If it is a reference, it may not be in the context or its toString() returned null. /templates/entity.java.vm[line 76, column 26]
2018-07-20 18:24:13,968 - Left side (${logicDeleteFieldName}) of '==' operation has null value. If it is a reference, it may not be in the context or its toString() returned null. /templates/entity.java.vm[line 80, column 30]
2018-07-20 18:24:13,969 - Left side (${versionFieldName}) of '==' operation has null value. If it is a reference, it may not be in the context or its toString() returned null. /templates/entity.java.vm[line 76, column 26]
2018-07-20 18:24:13,969 - Left side (${logicDeleteFieldName}) of '==' operation has null value. If it is a reference, it may not be in the context or its toString() returned null. /templates/entity.java.vm[line 80, column 30]
2018-07-20 18:24:13,969 - Left side (${versionFieldName}) of '==' operation has null value. If it is a reference, it may not be in the context or its toString() returned null. /templates/entity.java.vm[line 76, column 26]
2018-07-20 18:24:13,969 - Left side (${logicDeleteFieldName}) of '==' operation has null value. If it is a reference, it may not be in the context or its toString() returned null. /templates/entity.java.vm[line 80, column 30]
2018-07-20 18:24:13,971 - Left side (${versionFieldName}) of '==' operation has null value. If it is a reference, it may not be in the context or its toString() returned null. /templates/entity.java.vm[line 76, column 26]
2018-07-20 18:24:13,971 - Left side (${logicDeleteFieldName}) of '==' operation has null value. If it is a reference, it may not be in the context or its toString() returned null. /templates/entity.java.vm[line 80, column 30]
2018-07-20 18:24:13,987 - ResourceManager : found /templates/mapper.java.vm with loader org.apache.velocity.runtime.resource.loader.ClasspathResourceLoader
2018-07-20 18:24:13,993 - ResourceManager : found /templates/mapper.xml.vm with loader org.apache.velocity.runtime.resource.loader.ClasspathResourceLoader
2018-07-20 18:24:14,002 - ResourceManager : found /templates/service.java.vm with loader org.apache.velocity.runtime.resource.loader.ClasspathResourceLoader
2018-07-20 18:24:14,007 - ResourceManager : found /templates/serviceImpl.java.vm with loader org.apache.velocity.runtime.resource.loader.ClasspathResourceLoader
2018-07-20 18:24:14,012 - ResourceManager : found /templates/controller.java.vm with loader org.apache.velocity.runtime.resource.loader.ClasspathResourceLoader
2018-07-20 18:28:57,865 - Log4JLogChute initialized using file 'velocity.log'
2018-07-20 18:28:57,865 - Initializing Velocity, Calling init()...
2018-07-20 18:28:57,865 - Starting Apache Velocity v1.7 (compiled: 2010-11-19 12:14:37)
2018-07-20 18:28:57,865 - Default Properties File: org\apache\velocity\runtime\defaults\velocity.properties
2018-07-20 18:28:57,865 - Trying to use logger class org.apache.velocity.runtime.log.AvalonLogChute
2018-07-20 18:28:57,865 - Target log system for org.apache.velocity.runtime.log.AvalonLogChute is not available (java.lang.NoClassDefFoundError: org/apache/log/format/Formatter).  Falling back to next log system...
2018-07-20 18:28:57,865 - Trying to use logger class org.apache.velocity.runtime.log.Log4JLogChute
2018-07-20 18:28:57,865 - Using logger class org.apache.velocity.runtime.log.Log4JLogChute
2018-07-20 18:28:57,865 - ResourceLoader instantiated: org.apache.velocity.runtime.resource.loader.ClasspathResourceLoader
2018-07-20 18:28:57,866 - ResourceCache: initialized (class org.apache.velocity.runtime.resource.ResourceCacheImpl) with class java.util.Collections$SynchronizedMap cache map.
2018-07-20 18:28:57,866 - Loaded System Directive: org.apache.velocity.runtime.directive.Stop
2018-07-20 18:28:57,866 - Loaded System Directive: org.apache.velocity.runtime.directive.Define
2018-07-20 18:28:57,866 - Loaded System Directive: org.apache.velocity.runtime.directive.Break
2018-07-20 18:28:57,866 - Loaded System Directive: org.apache.velocity.runtime.directive.Evaluate
2018-07-20 18:28:57,866 - Loaded System Directive: org.apache.velocity.runtime.directive.Literal
2018-07-20 18:28:57,866 - Loaded System Directive: org.apache.velocity.runtime.directive.Macro
2018-07-20 18:28:57,867 - Loaded System Directive: org.apache.velocity.runtime.directive.Parse
2018-07-20 18:28:57,867 - Loaded System Directive: org.apache.velocity.runtime.directive.Include
2018-07-20 18:28:57,867 - Loaded System Directive: org.apache.velocity.runtime.directive.Foreach
2018-07-20 18:28:57,875 - Created '20' parsers.
2018-07-20 18:28:57,875 - Velocimacro : "velocimacro.library" is not set.  Trying default library: VM_global_library.vm
2018-07-20 18:28:57,878 - Could not load resource 'VM_global_library.vm' from ResourceLoader org.apache.velocity.runtime.resource.loader.ClasspathResourceLoader: ClasspathResourceLoader Error: cannot find resource VM_global_library.vm
2018-07-20 18:28:57,878 - Velocimacro : Default library not found.
2018-07-20 18:28:57,878 - Velocimacro : allowInline = true : VMs can be defined inline in templates
2018-07-20 18:28:57,878 - Velocimacro : allowInlineToOverride = false : VMs defined inline may NOT replace previous VM definitions
2018-07-20 18:28:57,878 - Velocimacro : allowInlineLocal = false : VMs defined inline will be global in scope if allowed.
2018-07-20 18:28:57,878 - Velocimacro : autoload off : VM system will not automatically reload global library macros
2018-07-20 18:28:57,890 - ResourceManager : found /templates/entity.java.vm with loader org.apache.velocity.runtime.resource.loader.ClasspathResourceLoader
2018-07-20 18:28:57,894 - Left side (${versionFieldName}) of '==' operation has null value. If it is a reference, it may not be in the context or its toString() returned null. /templates/entity.java.vm[line 76, column 26]
2018-07-20 18:28:57,894 - Left side (${logicDeleteFieldName}) of '==' operation has null value. If it is a reference, it may not be in the context or its toString() returned null. /templates/entity.java.vm[line 80, column 30]
2018-07-20 18:28:57,895 - Left side (${versionFieldName}) of '==' operation has null value. If it is a reference, it may not be in the context or its toString() returned null. /templates/entity.java.vm[line 76, column 26]
2018-07-20 18:28:57,895 - Left side (${logicDeleteFieldName}) of '==' operation has null value. If it is a reference, it may not be in the context or its toString() returned null. /templates/entity.java.vm[line 80, column 30]
2018-07-20 18:28:57,895 - Left side (${versionFieldName}) of '==' operation has null value. If it is a reference, it may not be in the context or its toString() returned null. /templates/entity.java.vm[line 76, column 26]
2018-07-20 18:28:57,895 - Left side (${logicDeleteFieldName}) of '==' operation has null value. If it is a reference, it may not be in the context or its toString() returned null. /templates/entity.java.vm[line 80, column 30]
2018-07-20 18:28:57,895 - Left side (${versionFieldName}) of '==' operation has null value. If it is a reference, it may not be in the context or its toString() returned null. /templates/entity.java.vm[line 76, column 26]
2018-07-20 18:28:57,895 - Left side (${logicDeleteFieldName}) of '==' operation has null value. If it is a reference, it may not be in the context or its toString() returned null. /templates/entity.java.vm[line 80, column 30]
2018-07-20 18:28:57,896 - Left side (${versionFieldName}) of '==' operation has null value. If it is a reference, it may not be in the context or its toString() returned null. /templates/entity.java.vm[line 76, column 26]
2018-07-20 18:28:57,896 - Left side (${logicDeleteFieldName}) of '==' operation has null value. If it is a reference, it may not be in the context or its toString() returned null. /templates/entity.java.vm[line 80, column 30]
2018-07-20 18:28:57,896 - Left side (${versionFieldName}) of '==' operation has null value. If it is a reference, it may not be in the context or its toString() returned null. /templates/entity.java.vm[line 76, column 26]
2018-07-20 18:28:57,896 - Left side (${logicDeleteFieldName}) of '==' operation has null value. If it is a reference, it may not be in the context or its toString() returned null. /templates/entity.java.vm[line 80, column 30]
2018-07-20 18:28:57,896 - Left side (${versionFieldName}) of '==' operation has null value. If it is a reference, it may not be in the context or its toString() returned null. /templates/entity.java.vm[line 76, column 26]
2018-07-20 18:28:57,896 - Left side (${logicDeleteFieldName}) of '==' operation has null value. If it is a reference, it may not be in the context or its toString() returned null. /templates/entity.java.vm[line 80, column 30]
2018-07-20 18:28:57,896 - Left side (${versionFieldName}) of '==' operation has null value. If it is a reference, it may not be in the context or its toString() returned null. /templates/entity.java.vm[line 76, column 26]
2018-07-20 18:28:57,896 - Left side (${logicDeleteFieldName}) of '==' operation has null value. If it is a reference, it may not be in the context or its toString() returned null. /templates/entity.java.vm[line 80, column 30]
2018-07-20 18:28:57,903 - ResourceManager : found /templates/mapper.java.vm with loader org.apache.velocity.runtime.resource.loader.ClasspathResourceLoader
2018-07-20 18:28:57,909 - ResourceManager : found /templates/mapper.xml.vm with loader org.apache.velocity.runtime.resource.loader.ClasspathResourceLoader
2018-07-20 18:28:57,914 - ResourceManager : found /templates/service.java.vm with loader org.apache.velocity.runtime.resource.loader.ClasspathResourceLoader
2018-07-20 18:28:57,918 - ResourceManager : found /templates/serviceImpl.java.vm with loader org.apache.velocity.runtime.resource.loader.ClasspathResourceLoader
2018-07-20 18:28:57,923 - ResourceManager : found /templates/controller.java.vm with loader org.apache.velocity.runtime.resource.loader.ClasspathResourceLoader
2018-11-26 18:13:23,201 - Log4JLogChute initialized using file 'velocity.log'
2018-11-26 18:13:23,204 - Initializing Velocity, Calling init()...
2018-11-26 18:13:23,204 - Starting Apache Velocity v1.7 (compiled: 2010-11-19 12:14:37)
2018-11-26 18:13:23,204 - Default Properties File: org\apache\velocity\runtime\defaults\velocity.properties
2018-11-26 18:13:23,204 - Trying to use logger class org.apache.velocity.runtime.log.AvalonLogChute
2018-11-26 18:13:23,204 - Target log system for org.apache.velocity.runtime.log.AvalonLogChute is not available (java.lang.NoClassDefFoundError: org/apache/log/format/Formatter).  Falling back to next log system...
2018-11-26 18:13:23,205 - Trying to use logger class org.apache.velocity.runtime.log.Log4JLogChute
2018-11-26 18:13:23,205 - Using logger class org.apache.velocity.runtime.log.Log4JLogChute
2018-11-26 18:13:23,220 - ResourceLoader instantiated: org.apache.velocity.runtime.resource.loader.ClasspathResourceLoader
2018-11-26 18:13:23,285 - ResourceCache: initialized (class org.apache.velocity.runtime.resource.ResourceCacheImpl) with class java.util.Collections$SynchronizedMap cache map.
2018-11-26 18:13:23,290 - Loaded System Directive: org.apache.velocity.runtime.directive.Stop
2018-11-26 18:13:23,294 - Loaded System Directive: org.apache.velocity.runtime.directive.Define
2018-11-26 18:13:23,298 - Loaded System Directive: org.apache.velocity.runtime.directive.Break
2018-11-26 18:13:23,301 - Loaded System Directive: org.apache.velocity.runtime.directive.Evaluate
2018-11-26 18:13:23,303 - Loaded System Directive: org.apache.velocity.runtime.directive.Literal
2018-11-26 18:13:23,308 - Loaded System Directive: org.apache.velocity.runtime.directive.Macro
2018-11-26 18:13:23,312 - Loaded System Directive: org.apache.velocity.runtime.directive.Parse
2018-11-26 18:13:23,317 - Loaded System Directive: org.apache.velocity.runtime.directive.Include
2018-11-26 18:13:23,322 - Loaded System Directive: org.apache.velocity.runtime.directive.Foreach
2018-11-26 18:13:23,421 - Created '20' parsers.
2018-11-26 18:13:23,442 - Velocimacro : "velocimacro.library" is not set.  Trying default library: VM_global_library.vm
2018-11-26 18:13:23,445 - Could not load resource 'VM_global_library.vm' from ResourceLoader org.apache.velocity.runtime.resource.loader.ClasspathResourceLoader: ClasspathResourceLoader Error: cannot find resource VM_global_library.vm
2018-11-26 18:13:23,445 - Velocimacro : Default library not found.
2018-11-26 18:13:23,446 - Velocimacro : allowInline = true : VMs can be defined inline in templates
2018-11-26 18:13:23,446 - Velocimacro : allowInlineToOverride = false : VMs defined inline may NOT replace previous VM definitions
2018-11-26 18:13:23,446 - Velocimacro : allowInlineLocal = false : VMs defined inline will be global in scope if allowed.
2018-11-26 18:13:23,446 - Velocimacro : autoload off : VM system will not automatically reload global library macros
2018-11-26 18:13:23,510 - ResourceManager : found /templates/entity.java.vm with loader org.apache.velocity.runtime.resource.loader.ClasspathResourceLoader
2018-11-26 18:13:23,533 - Left side (${versionFieldName}) of '==' operation has null value. If it is a reference, it may not be in the context or its toString() returned null. /templates/entity.java.vm[line 76, column 26]
2018-11-26 18:13:23,533 - Left side (${logicDeleteFieldName}) of '==' operation has null value. If it is a reference, it may not be in the context or its toString() returned null. /templates/entity.java.vm[line 80, column 30]
2018-11-26 18:13:23,533 - Left side (${versionFieldName}) of '==' operation has null value. If it is a reference, it may not be in the context or its toString() returned null. /templates/entity.java.vm[line 76, column 26]
2018-11-26 18:13:23,533 - Left side (${logicDeleteFieldName}) of '==' operation has null value. If it is a reference, it may not be in the context or its toString() returned null. /templates/entity.java.vm[line 80, column 30]
2018-11-26 18:13:23,534 - Left side (${versionFieldName}) of '==' operation has null value. If it is a reference, it may not be in the context or its toString() returned null. /templates/entity.java.vm[line 76, column 26]
2018-11-26 18:13:23,534 - Left side (${logicDeleteFieldName}) of '==' operation has null value. If it is a reference, it may not be in the context or its toString() returned null. /templates/entity.java.vm[line 80, column 30]
2018-11-26 18:13:23,575 - ResourceManager : found /templates/mapper.java.vm with loader org.apache.velocity.runtime.resource.loader.ClasspathResourceLoader
2018-11-26 18:13:23,590 - ResourceManager : found /templates/mapper.xml.vm with loader org.apache.velocity.runtime.resource.loader.ClasspathResourceLoader
2018-11-26 18:13:23,604 - ResourceManager : found /templates/service.java.vm with loader org.apache.velocity.runtime.resource.loader.ClasspathResourceLoader
2018-11-26 18:13:23,617 - ResourceManager : found /templates/serviceImpl.java.vm with loader org.apache.velocity.runtime.resource.loader.ClasspathResourceLoader
2018-11-26 18:13:23,636 - ResourceManager : found /templates/controller.java.vm with loader org.apache.velocity.runtime.resource.loader.ClasspathResourceLoader
2018-12-02 16:59:10,898 - Log4JLogChute initialized using file 'velocity.log'
2018-12-02 16:59:10,900 - Initializing Velocity, Calling init()...
2018-12-02 16:59:10,900 - Starting Apache Velocity v1.7 (compiled: 2010-11-19 12:14:37)
2018-12-02 16:59:10,900 - Default Properties File: org\apache\velocity\runtime\defaults\velocity.properties
2018-12-02 16:59:10,900 - Trying to use logger class org.apache.velocity.runtime.log.AvalonLogChute
2018-12-02 16:59:10,900 - Target log system for org.apache.velocity.runtime.log.AvalonLogChute is not available (java.lang.NoClassDefFoundError: org/apache/log/format/Formatter).  Falling back to next log system...
2018-12-02 16:59:10,900 - Trying to use logger class org.apache.velocity.runtime.log.Log4JLogChute
2018-12-02 16:59:10,900 - Using logger class org.apache.velocity.runtime.log.Log4JLogChute
2018-12-02 16:59:10,911 - ResourceLoader instantiated: org.apache.velocity.runtime.resource.loader.ClasspathResourceLoader
2018-12-02 16:59:10,949 - ResourceCache: initialized (class org.apache.velocity.runtime.resource.ResourceCacheImpl) with class java.util.Collections$SynchronizedMap cache map.
2018-12-02 16:59:10,952 - Loaded System Directive: org.apache.velocity.runtime.directive.Stop
2018-12-02 16:59:10,955 - Loaded System Directive: org.apache.velocity.runtime.directive.Define
2018-12-02 16:59:10,958 - Loaded System Directive: org.apache.velocity.runtime.directive.Break
2018-12-02 16:59:10,960 - Loaded System Directive: org.apache.velocity.runtime.directive.Evaluate
2018-12-02 16:59:10,961 - Loaded System Directive: org.apache.velocity.runtime.directive.Literal
2018-12-02 16:59:10,964 - Loaded System Directive: org.apache.velocity.runtime.directive.Macro
2018-12-02 16:59:10,968 - Loaded System Directive: org.apache.velocity.runtime.directive.Parse
2018-12-02 16:59:10,972 - Loaded System Directive: org.apache.velocity.runtime.directive.Include
2018-12-02 16:59:10,974 - Loaded System Directive: org.apache.velocity.runtime.directive.Foreach
2018-12-02 16:59:11,043 - Created '20' parsers.
2018-12-02 16:59:11,056 - Velocimacro : "velocimacro.library" is not set.  Trying default library: VM_global_library.vm
2018-12-02 16:59:11,059 - Could not load resource 'VM_global_library.vm' from ResourceLoader org.apache.velocity.runtime.resource.loader.ClasspathResourceLoader: ClasspathResourceLoader Error: cannot find resource VM_global_library.vm
2018-12-02 16:59:11,059 - Velocimacro : Default library not found.
2018-12-02 16:59:11,059 - Velocimacro : allowInline = true : VMs can be defined inline in templates
2018-12-02 16:59:11,059 - Velocimacro : allowInlineToOverride = false : VMs defined inline may NOT replace previous VM definitions
2018-12-02 16:59:11,059 - Velocimacro : allowInlineLocal = false : VMs defined inline will be global in scope if allowed.
2018-12-02 16:59:11,059 - Velocimacro : autoload off : VM system will not automatically reload global library macros
2018-12-02 16:59:11,102 - ResourceManager : found /templates/entity.java.vm with loader org.apache.velocity.runtime.resource.loader.ClasspathResourceLoader
2018-12-02 16:59:11,118 - Left side (${versionFieldName}) of '==' operation has null value. If it is a reference, it may not be in the context or its toString() returned null. /templates/entity.java.vm[line 76, column 26]
2018-12-02 16:59:11,118 - Left side (${logicDeleteFieldName}) of '==' operation has null value. If it is a reference, it may not be in the context or its toString() returned null. /templates/entity.java.vm[line 80, column 30]
2018-12-02 16:59:11,119 - Left side (${versionFieldName}) of '==' operation has null value. If it is a reference, it may not be in the context or its toString() returned null. /templates/entity.java.vm[line 76, column 26]
2018-12-02 16:59:11,119 - Left side (${logicDeleteFieldName}) of '==' operation has null value. If it is a reference, it may not be in the context or its toString() returned null. /templates/entity.java.vm[line 80, column 30]
2018-12-02 16:59:11,137 - ResourceManager : found /templates/mapper.java.vm with loader org.apache.velocity.runtime.resource.loader.ClasspathResourceLoader
2018-12-02 16:59:11,150 - ResourceManager : found /templates/mapper.xml.vm with loader org.apache.velocity.runtime.resource.loader.ClasspathResourceLoader
2018-12-02 16:59:11,160 - ResourceManager : found /templates/service.java.vm with loader org.apache.velocity.runtime.resource.loader.ClasspathResourceLoader
2018-12-02 16:59:11,170 - ResourceManager : found /templates/serviceImpl.java.vm with loader org.apache.velocity.runtime.resource.loader.ClasspathResourceLoader
2018-12-02 16:59:11,181 - ResourceManager : found /templates/controller.java.vm with loader org.apache.velocity.runtime.resource.loader.ClasspathResourceLoader
